Performing C SOURCE FILE Test CMAKE_HAVE_LIBC_PTHREAD failed with the following output:
Change Dir: /home/blue/Documents/scop/ext/glfw-3.3.5/build/CMakeFiles/CMakeTmp

Run Build Command(s):/usr/bin/make cmTC_f66a5/fast && make[1] : on entre dans le répertoire « /home/blue/Documents/scop/ext/glfw-3.3.5/build/CMakeFiles/CMakeTmp »
/usr/bin/make -f CMakeFiles/cmTC_f66a5.dir/build.make CMakeFiles/cmTC_f66a5.dir/build
make[2] : on entre dans le répertoire « /home/blue/Documents/scop/ext/glfw-3.3.5/build/CMakeFiles/CMakeTmp »
Building C object CMakeFiles/cmTC_f66a5.dir/src.c.o
/usr/bin/cc   -DCMAKE_HAVE_LIBC_PTHREAD   -o CMakeFiles/cmTC_f66a5.dir/src.c.o   -c /home/blue/Documents/scop/ext/glfw-3.3.5/build/CMakeFiles/CMakeTmp/src.c
Linking C executable cmTC_f66a5
/usr/bin/cmake -E cmake_link_script CMakeFiles/cmTC_f66a5.dir/link.txt --verbose=1
/usr/bin/cc  -DCMAKE_HAVE_LIBC_PTHREAD    CMakeFiles/cmTC_f66a5.dir/src.c.o  -o cmTC_f66a5 
/usr/bin/ld : CMakeFiles/cmTC_f66a5.dir/src.c.o : dans la fonction « main » :
src.c:(.text+0x46) : référence indéfinie vers « pthread_create »
/usr/bin/ld : src.c:(.text+0x52) : référence indéfinie vers « pthread_detach »
/usr/bin/ld : src.c:(.text+0x63) : référence indéfinie vers « pthread_join »
collect2: error: ld returned 1 exit status
make[2]: *** [CMakeFiles/cmTC_f66a5.dir/build.make:87 : cmTC_f66a5] Erreur 1
make[2] : on quitte le répertoire « /home/blue/Documents/scop/ext/glfw-3.3.5/build/CMakeFiles/CMakeTmp »
make[1]: *** [Makefile:121 : cmTC_f66a5/fast] Erreur 2
make[1] : on quitte le répertoire « /home/blue/Documents/scop/ext/glfw-3.3.5/build/CMakeFiles/CMakeTmp »


Source file was:
#include <pthread.h>

void* test_func(void* data)
{
  return data;
}

int main(void)
{
  pthread_t thread;
  pthread_create(&thread, NULL, test_func, NULL);
  pthread_detach(thread);
  pthread_join(thread, NULL);
  pthread_atfork(NULL, NULL, NULL);
  pthread_exit(NULL);

  return 0;
}

Determining if the function pthread_create exists in the pthreads failed with the following output:
Change Dir: /home/blue/Documents/scop/ext/glfw-3.3.5/build/CMakeFiles/CMakeTmp

Run Build Command(s):/usr/bin/make cmTC_ba408/fast && make[1] : on entre dans le répertoire « /home/blue/Documents/scop/ext/glfw-3.3.5/build/CMakeFiles/CMakeTmp »
/usr/bin/make -f CMakeFiles/cmTC_ba408.dir/build.make CMakeFiles/cmTC_ba408.dir/build
make[2] : on entre dans le répertoire « /home/blue/Documents/scop/ext/glfw-3.3.5/build/CMakeFiles/CMakeTmp »
Building C object CMakeFiles/cmTC_ba408.dir/CheckFunctionExists.c.o
/usr/bin/cc   -DCHECK_FUNCTION_EXISTS=pthread_create   -o CMakeFiles/cmTC_ba408.dir/CheckFunctionExists.c.o   -c /usr/share/cmake-3.16/Modules/CheckFunctionExists.c
Linking C executable cmTC_ba408
/usr/bin/cmake -E cmake_link_script CMakeFiles/cmTC_ba408.dir/link.txt --verbose=1
/usr/bin/cc  -DCHECK_FUNCTION_EXISTS=pthread_create    CMakeFiles/cmTC_ba408.dir/CheckFunctionExists.c.o  -o cmTC_ba408  -lpthreads 
/usr/bin/ld : ne peut trouver -lpthreads
collect2: error: ld returned 1 exit status
make[2]: *** [CMakeFiles/cmTC_ba408.dir/build.make:87 : cmTC_ba408] Erreur 1
make[2] : on quitte le répertoire « /home/blue/Documents/scop/ext/glfw-3.3.5/build/CMakeFiles/CMakeTmp »
make[1]: *** [Makefile:121 : cmTC_ba408/fast] Erreur 2
make[1] : on quitte le répertoire « /home/blue/Documents/scop/ext/glfw-3.3.5/build/CMakeFiles/CMakeTmp »



